<?xml version="1.0" encoding="UTF-8"?>
<!-- Generated by org.testng.reporters.JUnitReportReporter -->
<testsuite skipped="0" hostname="DESKTOP-5602UDL" name="test.CandDTest" tests="3" failures="0" timestamp="2022-04-04T08:35:06 CDT" time="4.993" errors="0">
  <testcase name="validateCategory" time="2.484" classname="test.CandDTest"/>
  <system-out/>
  <testcase name="userisnotabletoaddaduplicatedcategory" time="1.326" classname="test.CandDTest"/>
  <system-out/>
  <testcase name="userValidatethemonthdropdownhasallthemonths" time="1.183" classname="test.CandDTest"/>
  <system-out/>
</testsuite> <!-- test.CandDTest -->
